==19784== Memcheck, a memory error detector
==19784== Copyright (C) 2002-2012, and GNU GPL'd, by Julian Seward et al.
==19784== Using Valgrind-3.8.1 and LibVEX; rerun with -h for copyright info
==19784== Command: ./test_shuffle
==19784== Parent PID: 19783
==19784== 
--19784-- 
--19784-- Valgrind options:
--19784--    --tool=memcheck
--19784--    --verbose
--19784--    --log-file=./valgrind.log
--19784-- Contents of /proc/version:
--19784--   Linux version 2.6.32-696.13.2.el6.x86_64 (mockbuild@x86-031.build.eng.bos.redhat.com) (gcc version 4.4.7 20120313 (Red Hat 4.4.7-18) (GCC) ) #1 SMP Fri Sep 22 12:32:14 EDT 2017
--19784-- Arch and hwcaps: AMD64, amd64-sse3-cx16
--19784-- Page sizes: currently 4096, max supported 4096
--19784-- Valgrind library directory: /usr/lib64/valgrind
--19784-- Reading syms from /home/shay/a/wang3087/264/hw08/test_shuffle
--19784-- Reading syms from /usr/lib64/valgrind/memcheck-amd64-linux
--19784--    object doesn't have a dynamic symbol table
--19784-- Reading syms from /lib64/ld-2.12.so
--19784--   Considering /usr/lib/debug/.build-id/1c/c2165e019d43f71fde0a47af9f4c8eb5e51963.debug ..
--19784--   .. build-id is valid
--19784-- Scheduler: using generic scheduler lock implementation.
--19784-- Reading suppressions file: /usr/lib64/valgrind/default.supp
==19784== embedded gdbserver: reading from /tmp/vgdb-pipe-from-vgdb-to-19784-by-wang3087-on-ecegrid-thin2.ecn.purdue.edu
==19784== embedded gdbserver: writing to   /tmp/vgdb-pipe-to-vgdb-from-19784-by-wang3087-on-ecegrid-thin2.ecn.purdue.edu
==19784== embedded gdbserver: shared mem   /tmp/vgdb-pipe-shared-mem-vgdb-19784-by-wang3087-on-ecegrid-thin2.ecn.purdue.edu
==19784== 
==19784== TO CONTROL THIS PROCESS USING vgdb (which you probably
==19784== don't want to do, unless you know exactly what you're doing,
==19784== or are doing some strange experiment):
==19784==   /usr/lib64/valgrind/../../bin/vgdb --pid=19784 ...command...
==19784== 
==19784== TO DEBUG THIS PROCESS USING GDB: start GDB like this
==19784==   /path/to/gdb ./test_shuffle
==19784== and then give GDB the following command
==19784==   target remote | /usr/lib64/valgrind/../../bin/vgdb --pid=19784
==19784== --pid is optional if only one valgrind process is running
==19784== 
--19784-- REDIR: 0x33d6817f90 (strlen) redirected to 0x38049551 (vgPlain_amd64_linux_REDIR_FOR_strlen)
--19784-- Reading syms from /usr/lib64/valgrind/vgpreload_core-amd64-linux.so
--19784-- Reading syms from /usr/lib64/valgrind/vgpreload_memcheck-amd64-linux.so
--19784-- REDIR: 0x33d6817da0 (index) redirected to 0x4a07c30 (index)
--19784-- REDIR: 0x33d6817e20 (strcmp) redirected to 0x4a08570 (strcmp)
--19784-- Reading syms from /lib64/libc-2.12.so
--19784--   Considering /usr/lib/debug/.build-id/8a/7e7404a2335231be759cb54f8041344cac0c1b.debug ..
--19784--   .. build-id is valid
--19784-- REDIR: 0x33d6c84d10 (strcasecmp) redirected to 0x480155c (_vgnU_ifunc_wrapper)
--19784-- REDIR: 0x33d6c86fd0 (strncasecmp) redirected to 0x480155c (_vgnU_ifunc_wrapper)
--19784-- REDIR: 0x33d6c82c80 (__GI_strrchr) redirected to 0x4a07ab0 (__GI_strrchr)
--19784-- REDIR: 0x33d6c7aa50 (malloc) redirected to 0x4a069ac (malloc)
--19784-- REDIR: 0x33d6c811a0 (__GI_strlen) redirected to 0x4a07fb0 (__GI_strlen)
--19784-- REDIR: 0x33d6c7b8b0 (free) redirected to 0x4a063a9 (free)
==19784== 
==19784== HEAP SUMMARY:
==19784==     in use at exit: 14,112 bytes in 392 blocks
==19784==   total heap usage: 422 allocs, 30 frees, 15,192 bytes allocated
==19784== 
==19784== Searching for pointers to 392 not-freed blocks
==19784== Checked 65,000 bytes
==19784== 
==19784== LEAK SUMMARY:
==19784==    definitely lost: 14,112 bytes in 392 blocks
==19784==    indirectly lost: 0 bytes in 0 blocks
==19784==      possibly lost: 0 bytes in 0 blocks
==19784==    still reachable: 0 bytes in 0 blocks
==19784==         suppressed: 0 bytes in 0 blocks
==19784== Rerun with --leak-check=full to see details of leaked memory
==19784== 
==19784== ERROR SUMMARY: 0 errors from 0 contexts (suppressed: 8 from 6)
--19784-- 
--19784-- used_suppression:      4 U1004-ARM-_dl_relocate_object
--19784-- used_suppression:      4 glibc-2.5.x-on-SUSE-10.2-(PPC)-2a
==19784== 
==19784== ERROR SUMMARY: 0 errors from 0 contexts (suppressed: 8 from 6)
